app/(authenticated)/[workspaceSlug]/projects/[projectId]/backlog/page.tsx(38,7): error TS2322: Type 'Sprint[]' is not assignable to type '{ id: string; name: string; status: string; goal?: string | undefined; startDate?: string | undefined; endDate?: string | undefined; }[]'.
  Type 'Sprint' is not assignable to type '{ id: string; name: string; status: string; goal?: string | undefined; startDate?: string | undefined; endDate?: string | undefined; }'.
    Types of property 'goal' are incompatible.
      Type 'string | null | undefined' is not assignable to type 'string | undefined'.
        Type 'null' is not assignable to type 'string | undefined'.
app/(authenticated)/[workspaceSlug]/projects/[projectId]/backlog/page.tsx(40,7): error TS2322: Type 'ProjectMember[]' is not assignable to type 'Record<string, unknown>[]'.
  Type 'ProjectMember' is not assignable to type 'Record<string, unknown>'.
    Index signature for type 'string' is missing in type 'ProjectMember'.
app/(authenticated)/[workspaceSlug]/projects/[projectId]/board/page.tsx(131,9): error TS2322: Type 'Sprint[]' is not assignable to type 'Record<string, unknown>[]'.
  Type 'Sprint' is not assignable to type 'Record<string, unknown>'.
    Index signature for type 'string' is missing in type 'Sprint'.
app/(authenticated)/[workspaceSlug]/projects/[projectId]/board/page.tsx(133,9): error TS2322: Type 'ProjectMember[]' is not assignable to type 'Record<string, unknown>[]'.
  Type 'ProjectMember' is not assignable to type 'Record<string, unknown>'.
    Index signature for type 'string' is missing in type 'ProjectMember'.
app/(authenticated)/[workspaceSlug]/projects/[projectId]/page.tsx(35,11): error TS2322: Type 'import("/home/codeclouds-tanmoy/Personal/Veylo/veylo-client/types/models").ProjectMember[]' is not assignable to type 'ProjectMember[]'.
  Type 'import("/home/codeclouds-tanmoy/Personal/Veylo/veylo-client/types/models").ProjectMember' is not assignable to type 'ProjectMember'.
    Types of property 'user' are incompatible.
      Type 'User | undefined' is not assignable to type '{ id: string; name: string; email: string; image: string | null; }'.
        Type 'undefined' is not assignable to type '{ id: string; name: string; email: string; image: string | null; }'.
app/(authenticated)/[workspaceSlug]/tasks/[taskId]/page.tsx(440,19): error TS2322: Type 'ProjectMember[]' is not assignable to type '{ user: { id: string; name?: string | undefined; image?: string | null | undefined; email?: string | undefined; }; }[]'.
  Type 'ProjectMember' is not assignable to type '{ user: { id: string; name?: string | undefined; image?: string | null | undefined; email?: string | undefined; }; }'.
    Types of property 'user' are incompatible.
      Type 'User | undefined' is not assignable to type '{ id: string; name?: string | undefined; image?: string | null | undefined; email?: string | undefined; }'.
        Type 'undefined' is not assignable to type '{ id: string; name?: string | undefined; image?: string | null | undefined; email?: string | undefined; }'.
app/(authenticated)/[workspaceSlug]/tasks/[taskId]/page.tsx(559,19): error TS2322: Type 'ProjectMember[]' is not assignable to type '{ user: { id: string; name?: string | undefined; image?: string | null | undefined; email?: string | undefined; }; }[]'.
  Type 'ProjectMember' is not assignable to type '{ user: { id: string; name?: string | undefined; image?: string | null | undefined; email?: string | undefined; }; }'.
    Types of property 'user' are incompatible.
      Type 'User | undefined' is not assignable to type '{ id: string; name?: string | undefined; image?: string | null | undefined; email?: string | undefined; }'.
        Type 'undefined' is not assignable to type '{ id: string; name?: string | undefined; image?: string | null | undefined; email?: string | undefined; }'.
app/(authenticated)/[workspaceSlug]/tasks/[taskId]/page.tsx(581,23): error TS2322: Type 'NoInfer<AuthResponse> | undefined' is not assignable to type '{ user?: User | null | undefined; } | null | undefined'.
  Type 'AuthResponse' is not assignable to type '{ user?: User | null | undefined; }'.
    Types of property 'user' are incompatible.
      Type 'User | null' is not assignable to type 'User | null | undefined'.
        Type 'User' is missing the following properties from type 'User': isActive, failedLoginAttempts
app/(authenticated)/[workspaceSlug]/tasks/[taskId]/page.tsx(1543,17): error TS2322: Type 'ProjectMember[]' is not assignable to type '{ user: { id: string; name?: string | undefined; image?: string | null | undefined; email?: string | undefined; }; }[]'.
  Type 'ProjectMember' is not assignable to type '{ user: { id: string; name?: string | undefined; image?: string | null | undefined; email?: string | undefined; }; }'.
    Types of property 'user' are incompatible.
      Type 'User | undefined' is not assignable to type '{ id: string; name?: string | undefined; image?: string | null | undefined; email?: string | undefined; }'.
        Type 'undefined' is not assignable to type '{ id: string; name?: string | undefined; image?: string | null | undefined; email?: string | undefined; }'.
app/(authenticated)/[workspaceSlug]/tasks/[taskId]/page.tsx(1664,13): error TS2322: Type 'ProjectMember[]' is not assignable to type '{ user: { id: string; name?: string | undefined; image?: string | null | undefined; email?: string | undefined; }; }[]'.
  Type 'ProjectMember' is not assignable to type '{ user: { id: string; name?: string | undefined; image?: string | null | undefined; email?: string | undefined; }; }'.
    Types of property 'user' are incompatible.
      Type 'User | undefined' is not assignable to type '{ id: string; name?: string | undefined; image?: string | null | undefined; email?: string | undefined; }'.
        Type 'undefined' is not assignable to type '{ id: string; name?: string | undefined; image?: string | null | undefined; email?: string | undefined; }'.
components/layout/settings/security-tab.tsx(331,28): error TS2345: Argument of type '{ id: string; token: string; userId: string; ipAddress: string; userAgent: string; deviceName: string; browser: string; os: string; createdAt: string; updatedAt: string; }' is not assignable to parameter of type 'Session'.
  Property 'expiresAt' is missing in type '{ id: string; token: string; userId: string; ipAddress: string; userAgent: string; deviceName: string; browser: string; os: string; createdAt: string; updatedAt: string; }' but required in type 'Session'.
features/tasks/components/create-task-dialog.tsx(783,35): error TS2322: Type 'string | number | true' is not assignable to type 'string | null'.
  Type 'number' is not assignable to type 'string'.
features/tasks/components/create-task-dialog.tsx(811,35): error TS2322: Type 'CustomFieldValue' is not assignable to type 'string | number | readonly string[] | undefined'.
  Type 'false' is not assignable to type 'string | number | readonly string[] | undefined'.
features/tasks/components/task-details-drawer.tsx(471,23): error TS2322: Type 'ProjectMember[]' is not assignable to type '{ user: { id: string; name?: string | undefined; image?: string | null | undefined; email?: string | undefined; }; }[]'.
  Type 'ProjectMember' is not assignable to type '{ user: { id: string; name?: string | undefined; image?: string | null | undefined; email?: string | undefined; }; }'.
    Types of property 'user' are incompatible.
      Type 'User | undefined' is not assignable to type '{ id: string; name?: string | undefined; image?: string | null | undefined; email?: string | undefined; }'.
        Type 'undefined' is not assignable to type '{ id: string; name?: string | undefined; image?: string | null | undefined; email?: string | undefined; }'.
features/tasks/components/task-details-drawer.tsx(836,23): error TS2322: Type 'ProjectMember[]' is not assignable to type '{ user: { id: string; name?: string | undefined; image?: string | null | undefined; email?: string | undefined; }; }[]'.
  Type 'ProjectMember' is not assignable to type '{ user: { id: string; name?: string | undefined; image?: string | null | undefined; email?: string | undefined; }; }'.
    Types of property 'user' are incompatible.
      Type 'User | undefined' is not assignable to type '{ id: string; name?: string | undefined; image?: string | null | undefined; email?: string | undefined; }'.
        Type 'undefined' is not assignable to type '{ id: string; name?: string | undefined; image?: string | null | undefined; email?: string | undefined; }'.
features/tasks/components/task-details-drawer.tsx(1873,17): error TS2322: Type 'ProjectMember[]' is not assignable to type '{ user: { id: string; name?: string | undefined; image?: string | null | undefined; email?: string | undefined; }; }[]'.
  Type 'ProjectMember' is not assignable to type '{ user: { id: string; name?: string | undefined; image?: string | null | undefined; email?: string | undefined; }; }'.
    Types of property 'user' are incompatible.
      Type 'User | undefined' is not assignable to type '{ id: string; name?: string | undefined; image?: string | null | undefined; email?: string | undefined; }'.
        Type 'undefined' is not assignable to type '{ id: string; name?: string | undefined; image?: string | null | undefined; email?: string | undefined; }'.
features/tasks/components/task-details-drawer.tsx(1918,50): error TS2339: Property 'id' does not exist on type 'NoInfer<AuthResponse>'.
features/tasks/components/task-details-drawer.tsx(1949,71): error TS2339: Property 'id' does not exist on type 'NoInfer<AuthResponse>'.
features/tasks/components/task-details-drawer.tsx(1994,13): error TS2322: Type 'ProjectMember[]' is not assignable to type '{ user: { id: string; name?: string | undefined; image?: string | null | undefined; email?: string | undefined; }; }[]'.
  Type 'ProjectMember' is not assignable to type '{ user: { id: string; name?: string | undefined; image?: string | null | undefined; email?: string | undefined; }; }'.
    Types of property 'user' are incompatible.
      Type 'User | undefined' is not assignable to type '{ id: string; name?: string | undefined; image?: string | null | undefined; email?: string | undefined; }'.
        Type 'undefined' is not assignable to type '{ id: string; name?: string | undefined; image?: string | null | undefined; email?: string | undefined; }'.
